<?xml version="1.0" encoding="UTF-8"?>
<coverage generated="1597334575846" clover="3.2.0">
  <project timestamp="1597334575847" name="All files">
    <metrics statements="26" coveredstatements="26" conditionals="8" coveredconditionals="8" methods="3" coveredmethods="3" elements="37" coveredelements="37" complexity="0" loc="26" ncloc="26" packages="1" files="1" classes="1"/>
    <file name="validator.js" path="C:\Users\Jorge Quiñones\Desktop\proyecto1\LIM013-card-validation\src\validator.js">
      <metrics statements="26" coveredstatements="26" conditionals="8" coveredconditionals="8" methods="3" coveredmethods="3"/>
      <line num="2" count="1" type="stmt"/>
      <line num="4" count="3" type="stmt"/>
      <line num="5" count="3" type="stmt"/>
      <line num="6" count="34" type="stmt"/>
      <line num="9" count="3" type="stmt"/>
      <line num="12" count="3" type="stmt"/>
      <line num="13" count="3" type="stmt"/>
      <line num="14" count="3" type="stmt"/>
      <line num="15" count="34" type="cond" truecount="2" falsecount="0"/>
      <line num="16" count="16" type="stmt"/>
      <line num="18" count="18" type="stmt"/>
      <line num="23" count="3" type="stmt"/>
      <line num="24" count="3" type="stmt"/>
      <line num="25" count="34" type="cond" truecount="2" falsecount="0"/>
      <line num="26" count="8" type="stmt"/>
      <line num="28" count="26" type="stmt"/>
      <line num="31" count="34" type="stmt"/>
      <line num="32" count="3" type="cond" truecount="2" falsecount="0"/>
      <line num="34" count="2" type="stmt"/>
      <line num="37" count="1" type="stmt"/>
      <line num="41" count="3" type="stmt"/>
      <line num="42" count="3" type="stmt"/>
      <line num="43" count="27" type="cond" truecount="2" falsecount="0"/>
      <line num="44" count="18" type="stmt"/>
      <line num="46" count="9" type="stmt"/>
      <line num="52" count="3" type="stmt"/>
    </file>
  </project>
</coverage>
