{"C:\\Users\\Jorge Quiñones\\Desktop\\proyecto1\\LIM013-card-validation\\src\\validator.js": {"path":"C:\\Users\\Jorge Quiñones\\Desktop\\proyecto1\\LIM013-card-validation\\src\\validator.js","statementMap":{"0":{"start":{"line":2,"column":18},"end":{"line":54,"column":1}},"1":{"start":{"line":4,"column":18},"end":{"line":4,"column":20}},"2":{"start":{"line":5,"column":4},"end":{"line":7,"column":5}},"3":{"start":{"line":5,"column":16},"end":{"line":5,"column":29}},"4":{"start":{"line":6,"column":6},"end":{"line":6,"column":34}},"5":{"start":{"line":9,"column":5},"end":{"line":9,"column":25}},"6":{"start":{"line":12,"column":20},"end":{"line":12,"column":51}},"7":{"start":{"line":13,"column":18},"end":{"line":13,"column":20}},"8":{"start":{"line":14,"column":4},"end":{"line":20,"column":5}},"9":{"start":{"line":14,"column":17},"end":{"line":14,"column":18}},"10":{"start":{"line":15,"column":6},"end":{"line":19,"column":7}},"11":{"start":{"line":16,"column":8},"end":{"line":16,"column":34}},"12":{"start":{"line":18,"column":8},"end":{"line":18,"column":34}},"13":{"start":{"line":23,"column":16},"end":{"line":23,"column":18}},"14":{"start":{"line":24,"column":4},"end":{"line":30,"column":5}},"15":{"start":{"line":24,"column":16},"end":{"line":24,"column":17}},"16":{"start":{"line":25,"column":6},"end":{"line":29,"column":7}},"17":{"start":{"line":26,"column":8},"end":{"line":26,"column":37}},"18":{"start":{"line":28,"column":8},"end":{"line":28,"column":35}},"19":{"start":{"line":31,"column":18},"end":{"line":31,"column":65}},"20":{"start":{"line":31,"column":48},"end":{"line":31,"column":61}},"21":{"start":{"line":32,"column":4},"end":{"line":38,"column":5}},"22":{"start":{"line":34,"column":6},"end":{"line":34,"column":18}},"23":{"start":{"line":37,"column":6},"end":{"line":37,"column":19}},"24":{"start":{"line":41,"column":18},"end":{"line":41,"column":20}},"25":{"start":{"line":42,"column":4},"end":{"line":48,"column":5}},"26":{"start":{"line":42,"column":15},"end":{"line":42,"column":16}},"27":{"start":{"line":43,"column":6},"end":{"line":47,"column":7}},"28":{"start":{"line":44,"column":8},"end":{"line":44,"column":31}},"29":{"start":{"line":46,"column":8},"end":{"line":46,"column":35}},"30":{"start":{"line":52,"column":5},"end":{"line":52,"column":19}}},"fnMap":{"0":{"name":"(anonymous_0)","decl":{"start":{"line":3,"column":11},"end":{"line":3,"column":12}},"loc":{"start":{"line":3,"column":19},"end":{"line":39,"column":3}},"line":3},"1":{"name":"(anonymous_1)","decl":{"start":{"line":31,"column":31},"end":{"line":31,"column":32}},"loc":{"start":{"line":31,"column":48},"end":{"line":31,"column":61}},"line":31},"2":{"name":"(anonymous_2)","decl":{"start":{"line":40,"column":11},"end":{"line":40,"column":12}},"loc":{"start":{"line":40,"column":19},"end":{"line":53,"column":3}},"line":40}},"branchMap":{"0":{"loc":{"start":{"line":15,"column":6},"end":{"line":19,"column":7}},"type":"if","locations":[{"start":{"line":15,"column":6},"end":{"line":19,"column":7}},{"start":{"line":15,"column":6},"end":{"line":19,"column":7}}],"line":15},"1":{"loc":{"start":{"line":25,"column":6},"end":{"line":29,"column":7}},"type":"if","locations":[{"start":{"line":25,"column":6},"end":{"line":29,"column":7}},{"start":{"line":25,"column":6},"end":{"line":29,"column":7}}],"line":25},"2":{"loc":{"start":{"line":32,"column":4},"end":{"line":38,"column":5}},"type":"if","locations":[{"start":{"line":32,"column":4},"end":{"line":38,"column":5}},{"start":{"line":32,"column":4},"end":{"line":38,"column":5}}],"line":32},"3":{"loc":{"start":{"line":43,"column":6},"end":{"line":47,"column":7}},"type":"if","locations":[{"start":{"line":43,"column":6},"end":{"line":47,"column":7}},{"start":{"line":43,"column":6},"end":{"line":47,"column":7}}],"line":43}},"s":{"0":1,"1":3,"2":3,"3":3,"4":34,"5":3,"6":3,"7":3,"8":3,"9":3,"10":34,"11":16,"12":18,"13":3,"14":3,"15":3,"16":34,"17":8,"18":26,"19":3,"20":34,"21":3,"22":2,"23":1,"24":3,"25":3,"26":3,"27":27,"28":18,"29":9,"30":3},"f":{"0":3,"1":34,"2":3},"b":{"0":[16,18],"1":[8,26],"2":[2,1],"3":[18,9]},"_coverageSchema":"43e27e138ebf9cfc5966b082cf9a028302ed4184","hash":"11bb30980d1c0ab130f67526b592e6a9059ee395"}
}
