TN:
SF:C:\Users\Jorge Quiñones\Desktop\proyecto1\LIM013-card-validation\src\validator.js
FN:3,(anonymous_0)
FN:31,(anonymous_1)
FN:40,(anonymous_2)
FNF:3
FNH:3
FNDA:3,(anonymous_0)
FNDA:34,(anonymous_1)
FNDA:3,(anonymous_2)
DA:2,1
DA:4,3
DA:5,3
DA:6,34
DA:9,3
DA:12,3
DA:13,3
DA:14,3
DA:15,34
DA:16,16
DA:18,18
DA:23,3
DA:24,3
DA:25,34
DA:26,8
DA:28,26
DA:31,34
DA:32,3
DA:34,2
DA:37,1
DA:41,3
DA:42,3
DA:43,27
DA:44,18
DA:46,9
DA:52,3
LF:26
LH:26
BRDA:15,0,0,16
BRDA:15,0,1,18
BRDA:25,1,0,8
BRDA:25,1,1,26
BRDA:32,2,0,2
BRDA:32,2,1,1
BRDA:43,3,0,18
BRDA:43,3,1,9
BRF:8
BRH:8
end_of_record
